<?xml version="1.0" encoding="UTF-8"?>
<testsuite name="SILab2Test" tests="2" skipped="0" failures="0" errors="0" timestamp="2022-05-17T22:48:43" hostname="IVONA" time="0.03">
  <properties/>
  <testcase name="everyStatementTest()" classname="SILab2Test" time="0.027"/>
  <testcase name="everyBranchTest()" classname="SILab2Test" time="0.002"/>
  <system-out><![CDATA[]]></system-out>
  <system-err><![CDATA[]]></system-err>
</testsuite>
